<?xml version="1.0" encoding="UTF-8"?>
<!-- Generated by org.testng.reporters.JUnitReportReporter -->
<testsuite hostname="lbartashuk-pc" name="com.chch.test.TestOrder" tests="10" failures="0" timestamp="25 Aug 2017 09:13:16 GMT" time="390.378" errors="0">
  <testcase name="PayPalExpress" time="39.874" classname="com.chch.test.TestOrder"/>
  <testcase name="PayPalExpress" time="38.678" classname="com.chch.test.TestOrder"/>
  <testcase name="PayPalExpress" time="38.217" classname="com.chch.test.TestOrder"/>
  <testcase name="PayPalExpress" time="39.539" classname="com.chch.test.TestOrder"/>
  <testcase name="PayPalExpress" time="39.564" classname="com.chch.test.TestOrder"/>
  <testcase name="PayPalExpress" time="38.520" classname="com.chch.test.TestOrder"/>
  <testcase name="PayPalExpress" time="39.841" classname="com.chch.test.TestOrder"/>
  <testcase name="PayPalExpress" time="39.027" classname="com.chch.test.TestOrder"/>
  <testcase name="PayPalExpress" time="38.265" classname="com.chch.test.TestOrder"/>
  <testcase name="PayPalExpress" time="38.853" classname="com.chch.test.TestOrder"/>
</testsuite> <!-- com.chch.test.TestOrder -->
