<?xml version="1.0" encoding="UTF-8"?>
<!-- Generated by org.testng.reporters.JUnitReportReporter -->
<testsuite hostname="lbartashuk-pc" name="com.taryn.test.TestOrder" tests="1" failures="0" timestamp="29 Aug 2017 13:30:51 GMT" time="48.100" errors="0">
  <testcase name="PayPalExpress" time="48.100" classname="com.taryn.test.TestOrder"/>
</testsuite> <!-- com.taryn.test.TestOrder -->
